<?xml version="1.0" encoding="UTF-8"?>
<!-- Generated by org.testng.reporters.JUnitReportReporter -->
<testsuite hostname="DESKTOP-863BE13" failures="1" tests="10" name="com.ecommerce.testcases.IndexPageTest" time="141.389" errors="0" timestamp="2023-03-29T13:47:34 IST" skipped="0">
  <testcase classname="com.ecommerce.testcases.IndexPageTest" name="ValidateTitleTest" time="10.594"/>
  <system-out/>
  <testcase classname="com.ecommerce.testcases.IndexPageTest" name="clickOnLoginLinkTest" time="53.301"/>
  <system-out/>
  <testcase classname="com.ecommerce.testcases.IndexPageTest" name="clickOnRegisterlinkTest" time="17.170"/>
  <system-out/>
  <testcase classname="com.ecommerce.testcases.IndexPageTest" name="verifyTitleTextTest" time="6.310"/>
  <system-out/>
  <testcase classname="com.ecommerce.testcases.IndexPageTest" name="searchResultPageTest" time="6.429"/>
  <system-out/>
  <testcase classname="com.ecommerce.testcases.IndexPageTest" name="clickOnPclinkTest" time="4.647"/>
  <system-out/>
  <testcase classname="com.ecommerce.testcases.IndexPageTest" name="clickOnMaclinkTest" time="12.643"/>
  <system-out/>
  <testcase classname="com.ecommerce.testcases.IndexPageTest" name="clickOnWindowlinkTest" time="15.021"/>
  <system-out/>
  <testcase classname="com.ecommerce.testcases.IndexPageTest" name="clickOnWishlistIconTest" time="8.945"/>
  <system-out/>
  <testcase classname="com.ecommerce.testcases.IndexPageTest" name="clickOnCartIconTest" time="6.329">
    <failure message="expected [Shopping Cart] but found [Shopping Cart
Your shopping cart is empty!
Continue]" type="java.lang.AssertionError">
      <![CDATA[java.lang.AssertionError: expected [Shopping Cart] but found [Shopping Cart
Your shopping cart is empty!
Continue]
at org.testng.Assert.fail(Assert.java:110)
at org.testng.Assert.failNotEquals(Assert.java:1413)
at org.testng.Assert.assertEqualsImpl(Assert.java:149)
at org.testng.Assert.assertEquals(Assert.java:131)
at org.testng.Assert.assertEquals(Assert.java:655)
at org.testng.Assert.assertEquals(Assert.java:665)
at com.ecommerce.testcases.IndexPageTest.clickOnCartIconTest(IndexPageTest.java:106)
at java.base/jdk.internal.reflect.NativeMethodAccessorImpl.invoke0(Native Method)
at java.base/jdk.internal.reflect.NativeMethodAccessorImpl.invoke(NativeMethodAccessorImpl.java:78)
at java.base/jdk.internal.reflect.DelegatingMethodAccessorImpl.invoke(DelegatingMethodAccessorImpl.java:43)
at java.base/java.lang.reflect.Method.invoke(Method.java:567)
at org.testng.internal.invokers.MethodInvocationHelper.invokeMethod(MethodInvocationHelper.java:139)
at org.testng.internal.invokers.TestInvoker.invokeMethod(TestInvoker.java:677)
at org.testng.internal.invokers.TestInvoker.invokeTestMethod(TestInvoker.java:221)
at org.testng.internal.invokers.MethodRunner.runInSequence(MethodRunner.java:50)
at org.testng.internal.invokers.TestInvoker$MethodInvocationAgent.invoke(TestInvoker.java:962)
at org.testng.internal.invokers.TestInvoker.invokeTestMethods(TestInvoker.java:194)
at org.testng.internal.invokers.TestMethodWorker.invokeTestMethods(TestMethodWorker.java:148)
at org.testng.internal.invokers.TestMethodWorker.run(TestMethodWorker.java:128)
at java.base/java.util.ArrayList.forEach(ArrayList.java:1511)
at org.testng.TestRunner.privateRun(TestRunner.java:806)
at org.testng.TestRunner.run(TestRunner.java:601)
at org.testng.SuiteRunner.runTest(SuiteRunner.java:433)
at org.testng.SuiteRunner.runSequentially(SuiteRunner.java:427)
at org.testng.SuiteRunner.privateRun(SuiteRunner.java:387)
at org.testng.SuiteRunner.run(SuiteRunner.java:330)
at org.testng.SuiteRunnerWorker.runSuite(SuiteRunnerWorker.java:52)
at org.testng.SuiteRunnerWorker.run(SuiteRunnerWorker.java:95)
at org.testng.TestNG.runSuitesSequentially(TestNG.java:1256)
at org.testng.TestNG.runSuitesLocally(TestNG.java:1176)
at org.testng.TestNG.runSuites(TestNG.java:1099)
at org.testng.TestNG.run(TestNG.java:1067)
at org.testng.remote.AbstractRemoteTestNG.run(AbstractRemoteTestNG.java:115)
at org.testng.remote.RemoteTestNG.initAndRun(RemoteTestNG.java:251)
at org.testng.remote.RemoteTestNG.main(RemoteTestNG.java:77)
]]>
    </failure>
  </testcase> <!-- clickOnCartIconTest -->
  <system-out/>
</testsuite> <!-- com.ecommerce.testcases.IndexPageTest -->
